<?xml version="1.0" encoding="UTF-8"?>
<!-- Generated by org.testng.reporters.JUnitReportReporter -->
<testsuite hostname="LNAR-5CG842674C" failures="0" tests="4" name="com.qa.tests.DemoTest" time="0.023" errors="0" timestamp="2020-09-18T09:18:46 EDT" skipped="0">
  <testcase classname="com.qa.tests.DemoTest" name="sum" time="0.002"/>
  <system-out/>
  <testcase classname="com.qa.tests.DemoTest" name="multi" time="0.002"/>
  <system-out/>
  <testcase classname="com.qa.tests.DemoTest" name="div" time="0.017"/>
  <system-out/>
  <testcase classname="com.qa.tests.DemoTest" name="sub" time="0.002"/>
  <system-out/>
</testsuite> <!-- com.qa.tests.DemoTest -->
