<?xml version="1.0" encoding="UTF-8"?>
<!-- Generated by org.testng.reporters.JUnitReportReporter -->
<testsuite hostname="LNAR-5CG842674C" failures="0" tests="4" name="com.qa.tests.DemoTest" time="0.007" errors="0" timestamp="28 Aug 2020 22:07:13 GMT">
  <testcase classname="com.qa.tests.DemoTest" name="sum" time="0.001"/>
  <testcase classname="com.qa.tests.DemoTest" name="div" time="0.006"/>
  <testcase classname="com.qa.tests.DemoTest" name="multi" time="0.000"/>
  <testcase classname="com.qa.tests.DemoTest" name="sub" time="0.000"/>
</testsuite> <!-- com.qa.tests.DemoTest -->
